<?xml version="1.0" encoding="UTF-8"?>
<!-- Generated by org.testng.reporters.JUnitXMLReporter -->
<testsuite ignored="2" hostname="5CD144C87X" failures="2" tests="2" name="Test" time="10.08" errors="0" timestamp="2023-02-28T17:19:24 IST">
  <testcase classname="ecom.amazon.testcases.HomePageTest" name="TC_1_verify_amazon_icon" time="5.018">
    <failure type="java.lang.NullPointerException">
      <![CDATA[java.lang.NullPointerException
at org.openqa.selenium.support.pagefactory.DefaultElementLocator.findElement(DefaultElementLocator.java:70)
at org.openqa.selenium.support.pagefactory.internal.LocatingElementHandler.invoke(LocatingElementHandler.java:39)
at com.sun.proxy.$Proxy12.isDisplayed(Unknown Source)
at ecom.amazon.utilities.Utilities.isElementVisible(Utilities.java:37)
at ecom.amazon.testcases.HomePageTest.TC_1_verify_amazon_icon(HomePageTest.java:20)
at java.base/java.util.ArrayList.forEach(ArrayList.java:1541)
... Removed 27 stack frames]]>
    </failure>
  </testcase> <!-- TC_1_verify_amazon_icon -->
  <testcase classname="ecom.amazon.testcases.MobilePageTest" name="TC_3_verify_delivery_day" time="5.002">
    <failure type="java.lang.NullPointerException">
      <![CDATA[java.lang.NullPointerException
at org.openqa.selenium.support.pagefactory.DefaultElementLocator.findElement(DefaultElementLocator.java:70)
at org.openqa.selenium.support.pagefactory.internal.LocatingElementHandler.invoke(LocatingElementHandler.java:39)
at com.sun.proxy.$Proxy12.isDisplayed(Unknown Source)
at ecom.amazon.utilities.Utilities.isElementVisible(Utilities.java:37)
at ecom.amazon.testcases.MobilePageTest.TC_3_verify_delivery_day(MobilePageTest.java:18)
at java.base/java.util.ArrayList.forEach(ArrayList.java:1541)
... Removed 27 stack frames]]>
    </failure>
  </testcase> <!-- TC_3_verify_delivery_day -->
  <testcase classname="ecom.amazon.Base.Base" name="@BeforeSuite setUp" time="0.0">
    <ignored/>
  </testcase> <!-- @BeforeSuite setUp -->
  <testcase classname="ecom.amazon.Base.Base" name="@AfterSuite tearDown" time="0.0">
    <ignored/>
  </testcase> <!-- @AfterSuite tearDown -->
</testsuite> <!-- Test -->
